<?xml version="1.0" encoding="UTF-8"?>
<testng-results ignored="0" total="12" passed="12" failed="0" skipped="0">
  <reporter-output>
  </reporter-output>
  <suite started-at="2023-07-20T08:53:02 IST" name="Guru_BankTestAutomationSuite" finished-at="2023-07-20T08:54:57 IST" duration-ms="114205">
    <groups>
    </groups>
    <test started-at="2023-07-20T08:53:02 IST" name="Test" finished-at="2023-07-20T08:54:57 IST" duration-ms="114205">
      <class name="com.gb.TestCases.LoginPageTest">
        <test-method is-config="true" signature="setUp()[pri:0, instance:com.gb.TestCases.LoginPageTest@185a6e9]" started-at="2023-07-20T08:54:30 IST" name="setUp" finished-at="2023-07-20T08:54:33 IST" duration-ms="2731" status="PASS">
          <reporter-output>
          </reporter-output>
        </test-method> <!-- setUp -->
        <test-method signature="loginTest()[pri:1, instance:com.gb.TestCases.LoginPageTest@185a6e9]" started-at="2023-07-20T08:54:33 IST" name="loginTest" finished-at="2023-07-20T08:54:38 IST" duration-ms="4945" status="PASS">
          <reporter-output>
          </reporter-output>
        </test-method> <!-- loginTest -->
        <test-method is-config="true" signature="tearDown()[pri:0, instance:com.gb.TestCases.LoginPageTest@185a6e9]" started-at="2023-07-20T08:54:38 IST" name="tearDown" finished-at="2023-07-20T08:54:39 IST" duration-ms="553" status="PASS">
          <reporter-output>
          </reporter-output>
        </test-method> <!-- tearDown -->
        <test-method is-config="true" signature="setUp()[pri:0, instance:com.gb.TestCases.LoginPageTest@185a6e9]" started-at="2023-07-20T08:54:39 IST" name="setUp" finished-at="2023-07-20T08:54:42 IST" duration-ms="3243" status="PASS">
          <reporter-output>
          </reporter-output>
        </test-method> <!-- setUp -->
        <test-method signature="loginPageTitleTest()[pri:2, instance:com.gb.TestCases.LoginPageTest@185a6e9]" started-at="2023-07-20T08:54:42 IST" name="loginPageTitleTest" finished-at="2023-07-20T08:54:48 IST" duration-ms="6068" status="PASS">
          <reporter-output>
          </reporter-output>
        </test-method> <!-- loginPageTitleTest -->
        <test-method is-config="true" signature="tearDown()[pri:0, instance:com.gb.TestCases.LoginPageTest@185a6e9]" started-at="2023-07-20T08:54:48 IST" name="tearDown" finished-at="2023-07-20T08:54:49 IST" duration-ms="675" status="PASS">
          <reporter-output>
          </reporter-output>
        </test-method> <!-- tearDown -->
        <test-method is-config="true" signature="setUp()[pri:0, instance:com.gb.TestCases.LoginPageTest@185a6e9]" started-at="2023-07-20T08:54:49 IST" name="setUp" finished-at="2023-07-20T08:54:52 IST" duration-ms="3725" status="PASS">
          <reporter-output>
          </reporter-output>
        </test-method> <!-- setUp -->
        <test-method signature="GuruLoginPageHeaderTest()[pri:3, instance:com.gb.TestCases.LoginPageTest@185a6e9]" started-at="2023-07-20T08:54:52 IST" name="GuruLoginPageHeaderTest" finished-at="2023-07-20T08:54:56 IST" duration-ms="3900" status="PASS">
          <reporter-output>
          </reporter-output>
        </test-method> <!-- GuruLoginPageHeaderTest -->
        <test-method is-config="true" signature="tearDown()[pri:0, instance:com.gb.TestCases.LoginPageTest@185a6e9]" started-at="2023-07-20T08:54:56 IST" name="tearDown" finished-at="2023-07-20T08:54:57 IST" duration-ms="409" status="PASS">
          <reporter-output>
          </reporter-output>
        </test-method> <!-- tearDown -->
      </class> <!-- com.gb.TestCases.LoginPageTest -->
      <class name="com.gb.TestCases.NewCustomerPageTest">
        <test-method is-config="true" signature="setUp()[pri:0, instance:com.gb.TestCases.NewCustomerPageTest@75d4a5c2]" started-at="2023-07-20T08:53:02 IST" name="setUp" finished-at="2023-07-20T08:53:12 IST" duration-ms="9375" status="PASS">
          <reporter-output>
          </reporter-output>
        </test-method> <!-- setUp -->
        <test-method signature="NewCustomerpageTitleTest()[pri:1, instance:com.gb.TestCases.NewCustomerPageTest@75d4a5c2]" started-at="2023-07-20T08:53:12 IST" name="NewCustomerpageTitleTest" finished-at="2023-07-20T08:53:14 IST" duration-ms="1817" status="PASS">
          <reporter-output>
          </reporter-output>
        </test-method> <!-- NewCustomerpageTitleTest -->
        <test-method is-config="true" signature="tearDown()[pri:0, instance:com.gb.TestCases.NewCustomerPageTest@75d4a5c2]" started-at="2023-07-20T08:53:14 IST" name="tearDown" finished-at="2023-07-20T08:53:14 IST" duration-ms="429" status="PASS">
          <reporter-output>
          </reporter-output>
        </test-method> <!-- tearDown -->
        <test-method is-config="true" signature="setUp()[pri:0, instance:com.gb.TestCases.NewCustomerPageTest@75d4a5c2]" started-at="2023-07-20T08:53:15 IST" name="setUp" finished-at="2023-07-20T08:53:20 IST" duration-ms="5437" status="PASS">
          <reporter-output>
          </reporter-output>
        </test-method> <!-- setUp -->
        <test-method signature="Validatecreatenewcustomer(java.lang.String,java.lang.String,java.lang.String,java.lang.String,java.lang.String,java.lang.String,java.lang.String,java.lang.String,java.lang.String)[pri:2, instance:com.gb.TestCases.NewCustomerPageTest@75d4a5c2]" started-at="2023-07-20T08:53:20 IST" name="Validatecreatenewcustomer" data-provider="getGuruBankTestData" finished-at="2023-07-20T08:53:24 IST" duration-ms="3908" status="PASS">
          <params>
            <param index="0">
              <value>
                <![CDATA[Von]]>
              </value>
            </param>
            <param index="1">
              <value>
                <![CDATA[06/09/1889]]>
              </value>
            </param>
            <param index="2">
              <value>
                <![CDATA[54 Loeprich Road]]>
              </value>
            </param>
            <param index="3">
              <value>
                <![CDATA[Concord]]>
              </value>
            </param>
            <param index="4">
              <value>
                <![CDATA[California]]>
              </value>
            </param>
            <param index="5">
              <value>
                <![CDATA[945222.0]]>
              </value>
            </param>
            <param index="6">
              <value>
                <![CDATA[7.89456124E9]]>
              </value>
            </param>
            <param index="7">
              <value>
                <![CDATA[vswadlen9@oracle.com]]>
              </value>
            </param>
            <param index="8">
              <value>
                <![CDATA[Wu77HdnuQTa]]>
              </value>
            </param>
          </params>
          <reporter-output>
          </reporter-output>
        </test-method> <!-- Validatecreatenewcustomer -->
        <test-method is-config="true" signature="tearDown()[pri:0, instance:com.gb.TestCases.NewCustomerPageTest@75d4a5c2]" started-at="2023-07-20T08:53:24 IST" name="tearDown" finished-at="2023-07-20T08:53:25 IST" duration-ms="391" status="PASS">
          <reporter-output>
          </reporter-output>
        </test-method> <!-- tearDown -->
        <test-method is-config="true" signature="setUp()[pri:0, instance:com.gb.TestCases.NewCustomerPageTest@75d4a5c2]" started-at="2023-07-20T08:53:25 IST" name="setUp" finished-at="2023-07-20T08:53:31 IST" duration-ms="5936" status="PASS">
          <reporter-output>
          </reporter-output>
        </test-method> <!-- setUp -->
        <test-method signature="Validatecreatenewcustomer(java.lang.String,java.lang.String,java.lang.String,java.lang.String,java.lang.String,java.lang.String,java.lang.String,java.lang.String,java.lang.String)[pri:2, instance:com.gb.TestCases.NewCustomerPageTest@75d4a5c2]" started-at="2023-07-20T08:53:31 IST" name="Validatecreatenewcustomer" data-provider="getGuruBankTestData" finished-at="2023-07-20T08:53:35 IST" duration-ms="3883" status="PASS">
          <params>
            <param index="0">
              <value>
                <![CDATA[Aila]]>
              </value>
            </param>
            <param index="1">
              <value>
                <![CDATA[06/09/1890]]>
              </value>
            </param>
            <param index="2">
              <value>
                <![CDATA[8 Dorton Circle]]>
              </value>
            </param>
            <param index="3">
              <value>
                <![CDATA[Toledo]]>
              </value>
            </param>
            <param index="4">
              <value>
                <![CDATA[Ohio]]>
              </value>
            </param>
            <param index="5">
              <value>
                <![CDATA[433610.0]]>
              </value>
            </param>
            <param index="6">
              <value>
                <![CDATA[7.894561241E9]]>
              </value>
            </param>
            <param index="7">
              <value>
                <![CDATA[alogiea@themeforest.net]]>
              </value>
            </param>
            <param index="8">
              <value>
                <![CDATA[0HHR5QD1D]]>
              </value>
            </param>
          </params>
          <reporter-output>
          </reporter-output>
        </test-method> <!-- Validatecreatenewcustomer -->
        <test-method is-config="true" signature="tearDown()[pri:0, instance:com.gb.TestCases.NewCustomerPageTest@75d4a5c2]" started-at="2023-07-20T08:53:35 IST" name="tearDown" finished-at="2023-07-20T08:53:35 IST" duration-ms="369" status="PASS">
          <reporter-output>
          </reporter-output>
        </test-method> <!-- tearDown -->
        <test-method is-config="true" signature="setUp()[pri:0, instance:com.gb.TestCases.NewCustomerPageTest@75d4a5c2]" started-at="2023-07-20T08:53:35 IST" name="setUp" finished-at="2023-07-20T08:53:41 IST" duration-ms="5588" status="PASS">
          <reporter-output>
          </reporter-output>
        </test-method> <!-- setUp -->
        <test-method signature="Validatecreatenewcustomer(java.lang.String,java.lang.String,java.lang.String,java.lang.String,java.lang.String,java.lang.String,java.lang.String,java.lang.String,java.lang.String)[pri:2, instance:com.gb.TestCases.NewCustomerPageTest@75d4a5c2]" started-at="2023-07-20T08:53:41 IST" name="Validatecreatenewcustomer" data-provider="getGuruBankTestData" finished-at="2023-07-20T08:53:44 IST" duration-ms="3792" status="PASS">
          <params>
            <param index="0">
              <value>
                <![CDATA[Sol]]>
              </value>
            </param>
            <param index="1">
              <value>
                <![CDATA[06/09/1891]]>
              </value>
            </param>
            <param index="2">
              <value>
                <![CDATA[925 Summit Alley]]>
              </value>
            </param>
            <param index="3">
              <value>
                <![CDATA[New York City]]>
              </value>
            </param>
            <param index="4">
              <value>
                <![CDATA[New York]]>
              </value>
            </param>
            <param index="5">
              <value>
                <![CDATA[436140.0]]>
              </value>
            </param>
            <param index="6">
              <value>
                <![CDATA[7.894561242E9]]>
              </value>
            </param>
            <param index="7">
              <value>
                <![CDATA[smccutheonb@disqus.com]]>
              </value>
            </param>
            <param index="8">
              <value>
                <![CDATA[o7taLna45Se]]>
              </value>
            </param>
          </params>
          <reporter-output>
          </reporter-output>
        </test-method> <!-- Validatecreatenewcustomer -->
        <test-method is-config="true" signature="tearDown()[pri:0, instance:com.gb.TestCases.NewCustomerPageTest@75d4a5c2]" started-at="2023-07-20T08:53:44 IST" name="tearDown" finished-at="2023-07-20T08:53:45 IST" duration-ms="334" status="PASS">
          <reporter-output>
          </reporter-output>
        </test-method> <!-- tearDown -->
        <test-method is-config="true" signature="setUp()[pri:0, instance:com.gb.TestCases.NewCustomerPageTest@75d4a5c2]" started-at="2023-07-20T08:53:45 IST" name="setUp" finished-at="2023-07-20T08:53:50 IST" duration-ms="5438" status="PASS">
          <reporter-output>
          </reporter-output>
        </test-method> <!-- setUp -->
        <test-method signature="Validatecreatenewcustomer(java.lang.String,java.lang.String,java.lang.String,java.lang.String,java.lang.String,java.lang.String,java.lang.String,java.lang.String,java.lang.String)[pri:2, instance:com.gb.TestCases.NewCustomerPageTest@75d4a5c2]" started-at="2023-07-20T08:53:50 IST" name="Validatecreatenewcustomer" data-provider="getGuruBankTestData" finished-at="2023-07-20T08:53:54 IST" duration-ms="4020" status="PASS">
          <params>
            <param index="0">
              <value>
                <![CDATA[Fanechka]]>
              </value>
            </param>
            <param index="1">
              <value>
                <![CDATA[06/09/1892]]>
              </value>
            </param>
            <param index="2">
              <value>
                <![CDATA[18043 Ridgeview Trail]]>
              </value>
            </param>
            <param index="3">
              <value>
                <![CDATA[Jacksonville]]>
              </value>
            </param>
            <param index="4">
              <value>
                <![CDATA[Florida]]>
              </value>
            </param>
            <param index="5">
              <value>
                <![CDATA[435610.0]]>
              </value>
            </param>
            <param index="6">
              <value>
                <![CDATA[7.894561243E9]]>
              </value>
            </param>
            <param index="7">
              <value>
                <![CDATA[fbraunleinc@joomla.org]]>
              </value>
            </param>
            <param index="8">
              <value>
                <![CDATA[2QwUhocx]]>
              </value>
            </param>
          </params>
          <reporter-output>
          </reporter-output>
        </test-method> <!-- Validatecreatenewcustomer -->
        <test-method is-config="true" signature="tearDown()[pri:0, instance:com.gb.TestCases.NewCustomerPageTest@75d4a5c2]" started-at="2023-07-20T08:53:54 IST" name="tearDown" finished-at="2023-07-20T08:53:55 IST" duration-ms="459" status="PASS">
          <reporter-output>
          </reporter-output>
        </test-method> <!-- tearDown -->
        <test-method is-config="true" signature="setUp()[pri:0, instance:com.gb.TestCases.NewCustomerPageTest@75d4a5c2]" started-at="2023-07-20T08:53:55 IST" name="setUp" finished-at="2023-07-20T08:54:01 IST" duration-ms="5996" status="PASS">
          <reporter-output>
          </reporter-output>
        </test-method> <!-- setUp -->
        <test-method signature="Validatecreatenewcustomer(java.lang.String,java.lang.String,java.lang.String,java.lang.String,java.lang.String,java.lang.String,java.lang.String,java.lang.String,java.lang.String)[pri:2, instance:com.gb.TestCases.NewCustomerPageTest@75d4a5c2]" started-at="2023-07-20T08:54:01 IST" name="Validatecreatenewcustomer" data-provider="getGuruBankTestData" finished-at="2023-07-20T08:54:06 IST" duration-ms="5478" status="PASS">
          <params>
            <param index="0">
              <value>
                <![CDATA[Marissa]]>
              </value>
            </param>
            <param index="1">
              <value>
                <![CDATA[06/09/1893]]>
              </value>
            </param>
            <param index="2">
              <value>
                <![CDATA[46580 Meadow Valley Way]]>
              </value>
            </param>
            <param index="3">
              <value>
                <![CDATA[Fort Lauderdale]]>
              </value>
            </param>
            <param index="4">
              <value>
                <![CDATA[Florida]]>
              </value>
            </param>
            <param index="5">
              <value>
                <![CDATA[436610.0]]>
              </value>
            </param>
            <param index="6">
              <value>
                <![CDATA[7.894561244E9]]>
              </value>
            </param>
            <param index="7">
              <value>
                <![CDATA[mnicklend@mapy.cz]]>
              </value>
            </param>
            <param index="8">
              <value>
                <![CDATA[YtMPPVM0]]>
              </value>
            </param>
          </params>
          <reporter-output>
          </reporter-output>
        </test-method> <!-- Validatecreatenewcustomer -->
        <test-method is-config="true" signature="tearDown()[pri:0, instance:com.gb.TestCases.NewCustomerPageTest@75d4a5c2]" started-at="2023-07-20T08:54:06 IST" name="tearDown" finished-at="2023-07-20T08:54:07 IST" duration-ms="430" status="PASS">
          <reporter-output>
          </reporter-output>
        </test-method> <!-- tearDown -->
      </class> <!-- com.gb.TestCases.NewCustomerPageTest -->
      <class name="com.gb.TestCases.HomePageTest">
        <test-method is-config="true" signature="setUp()[pri:0, instance:com.gb.TestCases.HomePageTest@1e800aaa]" started-at="2023-07-20T08:54:07 IST" name="setUp" finished-at="2023-07-20T08:54:14 IST" duration-ms="7279" status="PASS">
          <reporter-output>
          </reporter-output>
        </test-method> <!-- setUp -->
        <test-method signature="verifyManagerHomePageTitleTest()[pri:1, instance:com.gb.TestCases.HomePageTest@1e800aaa]" started-at="2023-07-20T08:54:14 IST" name="verifyManagerHomePageTitleTest" finished-at="2023-07-20T08:54:15 IST" duration-ms="869" status="PASS">
          <reporter-output>
          </reporter-output>
        </test-method> <!-- verifyManagerHomePageTitleTest -->
        <test-method is-config="true" signature="tearDown()[pri:0, instance:com.gb.TestCases.HomePageTest@1e800aaa]" started-at="2023-07-20T08:54:15 IST" name="tearDown" finished-at="2023-07-20T08:54:15 IST" duration-ms="418" status="PASS">
          <reporter-output>
          </reporter-output>
        </test-method> <!-- tearDown -->
        <test-method is-config="true" signature="setUp()[pri:0, instance:com.gb.TestCases.HomePageTest@1e800aaa]" started-at="2023-07-20T08:54:15 IST" name="setUp" finished-at="2023-07-20T08:54:20 IST" duration-ms="4938" status="PASS">
          <reporter-output>
          </reporter-output>
        </test-method> <!-- setUp -->
        <test-method signature="verifyManagerHomepageHeadingTest()[pri:2, instance:com.gb.TestCases.HomePageTest@1e800aaa]" started-at="2023-07-20T08:54:20 IST" name="verifyManagerHomepageHeadingTest" finished-at="2023-07-20T08:54:21 IST" duration-ms="1130" status="PASS">
          <reporter-output>
          </reporter-output>
        </test-method> <!-- verifyManagerHomepageHeadingTest -->
        <test-method is-config="true" signature="tearDown()[pri:0, instance:com.gb.TestCases.HomePageTest@1e800aaa]" started-at="2023-07-20T08:54:21 IST" name="tearDown" finished-at="2023-07-20T08:54:22 IST" duration-ms="439" status="PASS">
          <reporter-output>
          </reporter-output>
        </test-method> <!-- tearDown -->
        <test-method is-config="true" signature="setUp()[pri:0, instance:com.gb.TestCases.HomePageTest@1e800aaa]" started-at="2023-07-20T08:54:22 IST" name="setUp" finished-at="2023-07-20T08:54:29 IST" duration-ms="7114" status="PASS">
          <reporter-output>
          </reporter-output>
        </test-method> <!-- setUp -->
        <test-method signature="verifyManagerIdTest()[pri:3, instance:com.gb.TestCases.HomePageTest@1e800aaa]" started-at="2023-07-20T08:54:29 IST" name="verifyManagerIdTest" finished-at="2023-07-20T08:54:30 IST" duration-ms="1175" status="PASS">
          <reporter-output>
          </reporter-output>
        </test-method> <!-- verifyManagerIdTest -->
        <test-method is-config="true" signature="tearDown()[pri:0, instance:com.gb.TestCases.HomePageTest@1e800aaa]" started-at="2023-07-20T08:54:30 IST" name="tearDown" finished-at="2023-07-20T08:54:30 IST" duration-ms="379" status="PASS">
          <reporter-output>
          </reporter-output>
        </test-method> <!-- tearDown -->
      </class> <!-- com.gb.TestCases.HomePageTest -->
    </test> <!-- Test -->
  </suite> <!-- Guru_BankTestAutomationSuite -->
</testng-results>
