<?xml version="1.0" encoding="UTF-8"?>
<!-- Generated by org.testng.reporters.JUnitXMLReporter -->
<testsuite ignored="0" hostname="ATUL" failures="0" tests="12" name="Test" time="114.205" errors="0" timestamp="2023-07-20T08:54:57 IST">
  <testcase classname="com.gb.TestCases.NewCustomerPageTest" name="NewCustomerpageTitleTest" time="1.817"/>
  <testcase classname="com.gb.TestCases.NewCustomerPageTest" name="Validatecreatenewcustomer" time="3.908"/>
  <testcase classname="com.gb.TestCases.NewCustomerPageTest" name="Validatecreatenewcustomer" time="3.883"/>
  <testcase classname="com.gb.TestCases.NewCustomerPageTest" name="Validatecreatenewcustomer" time="3.792"/>
  <testcase classname="com.gb.TestCases.NewCustomerPageTest" name="Validatecreatenewcustomer" time="4.02"/>
  <testcase classname="com.gb.TestCases.NewCustomerPageTest" name="Validatecreatenewcustomer" time="5.478"/>
  <testcase classname="com.gb.TestCases.HomePageTest" name="verifyManagerHomePageTitleTest" time="0.869"/>
  <testcase classname="com.gb.TestCases.HomePageTest" name="verifyManagerHomepageHeadingTest" time="1.13"/>
  <testcase classname="com.gb.TestCases.HomePageTest" name="verifyManagerIdTest" time="1.175"/>
  <testcase classname="com.gb.TestCases.LoginPageTest" name="loginTest" time="4.945"/>
  <testcase classname="com.gb.TestCases.LoginPageTest" name="loginPageTitleTest" time="6.068"/>
  <testcase classname="com.gb.TestCases.LoginPageTest" name="GuruLoginPageHeaderTest" time="3.9"/>
</testsuite> <!-- Test -->
